Using pre-set license
Built from '2021.3/staging' branch; Version is '2021.3.21f1 (1b156197d683) revision 1774945'; Using compiler version '192829333'; Build Type 'Release'
OS: 'Windows 11  (10.0.22631) 64bit CoreSingleLanguage' Language: 'pt' Physical Memory: 7916 MB
BatchMode: 1, IsHumanControllingUs: 0, StartBugReporterOnCrash: 0, Is64bit: 1, IsPro: 1

COMMAND LINE ARGUMENTS:
C:\Program Files\Unity\Hub\Editor\2021.3.21f1\Editor\Unity.exe
-adb2
-batchMode
-noUpm
-name
AssetImportWorker1
-projectPath
C:/Users/Gabriel/Downloads/spatial-unity-starter-template-main/spatial-unity-starter-template-main
-logFile
Logs/AssetImportWorker1.log
-srvPort
50649
Successfully changed project path to: C:/Users/Gabriel/Downloads/spatial-unity-starter-template-main/spatial-unity-starter-template-main
C:/Users/Gabriel/Downloads/spatial-unity-starter-template-main/spatial-unity-starter-template-main
[UnityMemory] Configuration Parameters - Can be set up in boot.config
    "memorysetup-bucket-allocator-granularity=16"
    "memorysetup-bucket-allocator-bucket-count=8"
    "memorysetup-bucket-allocator-block-size=33554432"
    "memorysetup-bucket-allocator-block-count=8"
    "memorysetup-main-allocator-block-size=16777216"
    "memorysetup-thread-allocator-block-size=16777216"
    "memorysetup-gfx-main-allocator-block-size=16777216"
    "memorysetup-gfx-thread-allocator-block-size=16777216"
    "memorysetup-cache-allocator-block-size=4194304"
    "memorysetup-typetree-allocator-block-size=2097152"
    "memorysetup-profiler-bucket-allocator-granularity=16"
    "memorysetup-profiler-bucket-allocator-bucket-count=8"
    "memorysetup-profiler-bucket-allocator-block-size=33554432"
    "memorysetup-profiler-bucket-allocator-block-count=8"
    "memorysetup-profiler-allocator-block-size=16777216"
    "memorysetup-profiler-editor-allocator-block-size=1048576"
    "memorysetup-temp-allocator-size-main=16777216"
    "memorysetup-job-temp-allocator-block-size=2097152"
    "memorysetup-job-temp-allocator-block-size-background=1048576"
    "memorysetup-job-temp-allocator-reduction-small-platforms=262144"
    "memorysetup-temp-allocator-size-background-worker=32768"
    "memorysetup-temp-allocator-size-job-worker=262144"
    "memorysetup-temp-allocator-size-preload-manager=33554432"
    "memorysetup-temp-allocator-size-nav-mesh-worker=65536"
    "memorysetup-temp-allocator-size-audio-worker=65536"
    "memorysetup-temp-allocator-size-cloud-worker=32768"
    "memorysetup-temp-allocator-size-gi-baking-worker=262144"
    "memorysetup-temp-allocator-size-gfx=262144"
Player connection [8000] Host "[IP] 10.0.1.21 [Port] 0 [Flags] 2 [Guid] 2224884515 [EditorId] 2224884515 [Version] 1048832 [Id] WindowsEditor(7,LAPTOP-D02UPMHA) [Debug] 1 [PackageName] WindowsEditor [ProjectName] Editor" joined multi-casting on [225.0.0.222:54997]...

Player connection [8000] Host "[IP] 10.0.1.21 [Port] 0 [Flags] 2 [Guid] 2224884515 [EditorId] 2224884515 [Version] 1048832 [Id] WindowsEditor(7,LAPTOP-D02UPMHA) [Debug] 1 [PackageName] WindowsEditor [ProjectName] Editor" joined alternative multi-casting on [225.0.0.222:34997]...

Refreshing native plugins compatible for Editor in 77.66 ms, found 1 plugins.
Preloading 0 native plugins for Editor in 0.00 ms.
Initialize engine version: 2021.3.21f1 (1b156197d683)
[Subsystems] Discovering subsystems at path C:/Program Files/Unity/Hub/Editor/2021.3.21f1/Editor/Data/Resources/UnitySubsystems
[Subsystems] Discovering subsystems at path C:/Users/Gabriel/Downloads/spatial-unity-starter-template-main/spatial-unity-starter-template-main/Assets
GfxDevice: creating device client; threaded=0; jobified=0
Direct3D:
    Version:  Direct3D 11.0 [level 11.1]
    Renderer: NVIDIA GeForce RTX 2050 (ID=0x25ed)
    Vendor:   NVIDIA
    VRAM:     3977 MB
    Driver:   31.0.15.4683
Initialize mono
Mono path[0] = 'C:/Program Files/Unity/Hub/Editor/2021.3.21f1/Editor/Data/Managed'
Mono path[1] = 'C:/Program Files/Unity/Hub/Editor/2021.3.21f1/Editor/Data/MonoBleedingEdge/lib/mono/unityjit-win32'
Mono config path = 'C:/Program Files/Unity/Hub/Editor/2021.3.21f1/Editor/Data/MonoBleedingEdge/etc'
Using monoOptions --debugger-agent=transport=dt_socket,embedding=1,server=y,suspend=n,address=127.0.0.1:56836
Begin MonoManager ReloadAssembly
Registering precompiled unity dll's ...
Register platform support module: C:/Program Files/Unity/Hub/Editor/2021.3.21f1/Editor/Data/PlaybackEngines/WebGLSupport/UnityEditor.WebGL.Extensions.dll
Register platform support module: C:/Program Files/Unity/Hub/Editor/2021.3.21f1/Editor/Data/PlaybackEngines/AndroidPlayer/UnityEditor.Android.Extensions.dll
Register platform support module: C:/Program Files/Unity/Hub/Editor/2021.3.21f1/Editor/Data/PlaybackEngines/WindowsStandaloneSupport/UnityEditor.WindowsStandalone.Extensions.dll
Registered in 0.011441 seconds.
Native extension for WindowsStandalone target not found
Native extension for Android target not found
Android Extension - Scanning For ADB Devices 423 ms
Native extension for WebGL target not found
Refreshing native plugins compatible for Editor in 72.44 ms, found 1 plugins.
Preloading 0 native plugins for Editor in 0.00 ms.
Mono: successfully reloaded assembly
- Completed reload, in  1.070 seconds
Domain Reload Profiling:
	ReloadAssembly (1070ms)
		BeginReloadAssembly (129ms)
			ExecutionOrderSort (0ms)
			DisableScriptedObjects (0ms)
			BackupInstance (0ms)
			ReleaseScriptingObjects (0ms)
			CreateAndSetChildDomain (1ms)
		EndReloadAssembly (829ms)
			LoadAssemblies (124ms)
			RebuildTransferFunctionScriptingTraits (0ms)
			SetupTypeCache (96ms)
			ReleaseScriptCaches (0ms)
			RebuildScriptCaches (23ms)
			SetupLoadedEditorAssemblies (660ms)
				LogAssemblyErrors (0ms)
				InitializePlatformSupportModulesInManaged (484ms)
				SetLoadedEditorAssemblies (0ms)
				RefreshPlugins (73ms)
				BeforeProcessingInitializeOnLoad (1ms)
				ProcessInitializeOnLoadAttributes (66ms)
				ProcessInitializeOnLoadMethodAttributes (36ms)
				AfterProcessingInitializeOnLoad (0ms)
				EditorAssembliesLoaded (0ms)
			ExecutionOrderSort2 (0ms)
			AwakeInstancesAfterBackupRestoration (0ms)
Platform modules already initialized, skipping
Registering precompiled user dll's ...
Registered in 0.008745 seconds.
Begin MonoManager ReloadAssembly
Symbol file LoadedFromMemory doesn't match image C:\Users\Gabriel\Downloads\spatial-unity-starter-template-main\spatial-unity-starter-template-main\Library\PackageCache\com.unity.visualscripting@1.8.0\Editor\VisualScripting.Core\Dependencies\YamlDotNet\Unity.VisualScripting.YamlDotNet.dll
Symbol file LoadedFromMemory doesn't match image C:\Users\Gabriel\Downloads\spatial-unity-starter-template-main\spatial-unity-starter-template-main\Library\PackageCache\com.unity.visualscripting@1.8.0\Editor\VisualScripting.Core\Dependencies\DotNetZip\Unity.VisualScripting.IonicZip.dll
Native extension for WindowsStandalone target not found
Native extension for Android target not found
Native extension for WebGL target not found
Refreshing native plugins compatible for Editor in 75.96 ms, found 1 plugins.
Preloading 0 native plugins for Editor in 0.00 ms.
Package Manager log level set to [2]
Mono: successfully reloaded assembly
- Completed reload, in  1.181 seconds
Domain Reload Profiling:
	ReloadAssembly (1182ms)
		BeginReloadAssembly (145ms)
			ExecutionOrderSort (0ms)
			DisableScriptedObjects (4ms)
			BackupInstance (0ms)
			ReleaseScriptingObjects (0ms)
			CreateAndSetChildDomain (18ms)
		EndReloadAssembly (942ms)
			LoadAssemblies (200ms)
			RebuildTransferFunctionScriptingTraits (0ms)
			SetupTypeCache (246ms)
			ReleaseScriptCaches (1ms)
			RebuildScriptCaches (63ms)
			SetupLoadedEditorAssemblies (442ms)
				LogAssemblyErrors (0ms)
				InitializePlatformSupportModulesInManaged (14ms)
				SetLoadedEditorAssemblies (0ms)
				RefreshPlugins (76ms)
				BeforeProcessingInitializeOnLoad (92ms)
				ProcessInitializeOnLoadAttributes (181ms)
				ProcessInitializeOnLoadMethodAttributes (66ms)
				AfterProcessingInitializeOnLoad (13ms)
				EditorAssembliesLoaded (0ms)
			ExecutionOrderSort2 (0ms)
			AwakeInstancesAfterBackupRestoration (5ms)
Platform modules already initialized, skipping
========================================================================
Worker process is ready to serve import requests
Launched and connected shader compiler UnityShaderCompiler.exe after 0.07 seconds
Refreshing native plugins compatible for Editor in 1.24 ms, found 1 plugins.
Preloading 0 native plugins for Editor in 0.00 ms.
Unloading 5388 Unused Serialized files (Serialized files now loaded: 0)
Unloading 30 unused Assets / (0.9 MB). Loaded Objects now: 5846.
Memory consumption went from 221.1 MB to 220.2 MB.
Total: 6.413400 ms (FindLiveObjects: 0.678100 ms CreateObjectMapping: 1.176600 ms MarkObjects: 3.930100 ms  DeleteObjects: 0.626500 ms)

AssetImportParameters requested are different than current active one (requested -> active):
  custom:video-decoder-ogg-theora: a1e56fd34408186e4bbccfd4996cb3dc -> 
  custom:container-muxer-webm: aa71ff27fc2769a1b78a27578f13a17b -> 
  custom:container-demuxer-webm: 4f35f7cbe854078d1ac9338744f61a02 -> 
  custom:video-encoder-webm-vp8: eb34c28f22e8b96e1ab97ce403110664 -> 
  custom:video-codec-MediaFoundation-h265: 746d11721c4dcdbdad8f713fa42b33f4 -> 
  custom:audio-encoder-webm-vorbis: bf7c407c2cedff20999df2af8eb42d56 -> 
  custom:framework-win-MediaFoundation: 216162199b28c13a410421893ffa2e32 -> 
  custom:container-demuxer-ogg: 62fdf1f143b41e24485cea50d1cbac27 -> 
  custom:video-decoder-webm-vp8: 9c59270c3fd7afecdb556c50c9e8de78 -> 
  custom:audio-decoder-ogg-vorbis: bf7c407c2cedff20999df2af8eb42d56 -> 
========================================================================
Received Import Request.
  Time since last request: 2203.263736 seconds.
  path: Assets/Spatial/Space_HyperJump.asset
  artifactKey: Guid(9329ff968d6af49cc8ba2a95ce7513ba) Importer(815301076,1909f56bfc062723c751e8b465ee728b)
Start importing Assets/Spatial/Space_HyperJump.asset using Guid(9329ff968d6af49cc8ba2a95ce7513ba) Importer(815301076,1909f56bfc062723c751e8b465ee728b)  -> (artifact id: 'e8f8ad668d6d8171f03215f0c11565d0') in 0.065512 seconds 
========================================================================
Received Import Request.
  Time since last request: 0.000042 seconds.
  path: Assets/Spatial/SavedProjectSettings.asset
  artifactKey: Guid(b4d3f3931508d4e3381693ee23f6fe04) Importer(815301076,1909f56bfc062723c751e8b465ee728b)
Start importing Assets/Spatial/SavedProjectSettings.asset using Guid(b4d3f3931508d4e3381693ee23f6fe04) Importer(815301076,1909f56bfc062723c751e8b465ee728b)  -> (artifact id: '973c213e1a2cc260551cb0a72deec231') in 0.005082 seconds 
========================================================================
Received Import Request.
  Time since last request: 0.000043 seconds.
  path: Assets/Spatial/Space_Spatial_Island.asset
  artifactKey: Guid(72ffea1652c674c0a9800acaee82a68a) Importer(815301076,1909f56bfc062723c751e8b465ee728b)
Start importing Assets/Spatial/Space_Spatial_Island.asset using Guid(72ffea1652c674c0a9800acaee82a68a) Importer(815301076,1909f56bfc062723c751e8b465ee728b)  -> (artifact id: '440e9c9e5df64e32fd00e375f660cddb') in 0.008388 seconds 
========================================================================
Received Import Request.
  Time since last request: 0.000039 seconds.
  path: Assets/TextMesh Pro
  artifactKey: Guid(f54d1bd14bd3ca042bd867b519fee8cc) Importer(815301076,1909f56bfc062723c751e8b465ee728b)
Start importing Assets/TextMesh Pro using Guid(f54d1bd14bd3ca042bd867b519fee8cc) Importer(815301076,1909f56bfc062723c751e8b465ee728b)  -> (artifact id: 'f5648c5ef36b7beab651a001a8d08867') in 0.002721 seconds 
========================================================================
Received Import Request.
  Time since last request: 0.000036 seconds.
  path: Assets/Spatial/AvatarAttachment_SpaceGun.asset
  artifactKey: Guid(49d0a134c7399441c8ef5c13203a1186) Importer(815301076,1909f56bfc062723c751e8b465ee728b)
Start importing Assets/Spatial/AvatarAttachment_SpaceGun.asset using Guid(49d0a134c7399441c8ef5c13203a1186) Importer(815301076,1909f56bfc062723c751e8b465ee728b)  -> (artifact id: '6f5689a1b9d617998bb541a6f8c2f0af') in 0.021822 seconds 
========================================================================
Received Import Request.
  Time since last request: 0.000040 seconds.
  path: Assets/Spatial/Avatar_Spatian.asset
  artifactKey: Guid(520d2d878c86648c5bde931f73b9ddc9) Importer(815301076,1909f56bfc062723c751e8b465ee728b)
Start importing Assets/Spatial/Avatar_Spatian.asset using Guid(520d2d878c86648c5bde931f73b9ddc9) Importer(815301076,1909f56bfc062723c751e8b465ee728b)  -> (artifact id: 'ac26fa45516ba7d8d7ef9f8670928416') in 0.015669 seconds 
========================================================================
Received Import Request.
  Time since last request: 0.000034 seconds.
  path: Assets/Spatial
  artifactKey: Guid(e930e9b630d09415f8cadae853ab3d0a) Importer(815301076,1909f56bfc062723c751e8b465ee728b)
Start importing Assets/Spatial using Guid(e930e9b630d09415f8cadae853ab3d0a) Importer(815301076,1909f56bfc062723c751e8b465ee728b)  -> (artifact id: '463355e8ca04dd3c595dad7cef1fdb1e') in 0.002729 seconds 
========================================================================
Received Import Request.
  Time since last request: 0.000074 seconds.
  path: Assets/Spatial/AvatarAnimation_Standing_Arguing_Reaction.asset
  artifactKey: Guid(24ccd46bd00234bad93fbc923fd4ea07) Importer(815301076,1909f56bfc062723c751e8b465ee728b)
Start importing Assets/Spatial/AvatarAnimation_Standing_Arguing_Reaction.asset using Guid(24ccd46bd00234bad93fbc923fd4ea07) Importer(815301076,1909f56bfc062723c751e8b465ee728b)  -> (artifact id: 'e41418189f95d58751725aacdf86d930') in 0.010625 seconds 
========================================================================
Received Import Request.
  Time since last request: 0.000042 seconds.
  path: Assets/Spatial/Space_GolfCourseDriving.asset
  artifactKey: Guid(fd10a052dfd314426b1acf919c98a9e9) Importer(815301076,1909f56bfc062723c751e8b465ee728b)
Start importing Assets/Spatial/Space_GolfCourseDriving.asset using Guid(fd10a052dfd314426b1acf919c98a9e9) Importer(815301076,1909f56bfc062723c751e8b465ee728b)  -> (artifact id: 'fc3ec1210567647cb7782b5c189954f2') in 0.006914 seconds 
========================================================================
Received Import Request.
  Time since last request: 0.000052 seconds.
  path: Assets/Spatial/Space_Feature_Demo.asset
  artifactKey: Guid(f9f137dea7f63477ba0010b47000a828) Importer(815301076,1909f56bfc062723c751e8b465ee728b)
Start importing Assets/Spatial/Space_Feature_Demo.asset using Guid(f9f137dea7f63477ba0010b47000a828) Importer(815301076,1909f56bfc062723c751e8b465ee728b)  -> (artifact id: '0605d162b2b40bb6fec1292765789728') in 0.009807 seconds 
Editor requested this worker to shutdown with reason: Scaling down because of idle timeout
AssetImportWorker is now disconnected from the server
Process exiting
Exiting without the bug reporter. Application will terminate with return code 0